# JRE version: OpenJDK Runtime Environment Microsoft-11926163 (17.0.16+8) (build 17.0.16+8-LTS)
# Java VM: OpenJDK 64-Bit Server VM Microsoft-11926163 (17.0.16+8-LTS, mixed mode, sharing, tiered, compressed oops, compressed class ptrs, g1 gc, windows-amd64)
GC Precious Log:
 CPUs: 4 total, 4 available
 Memory: 7975M
 Large Page Support: Disabled
 NUMA Support: Disabled
 Compressed Oops: Enabled (32-bit)
 Heap Region Size: 1M
 Heap Min Capacity: 8M
 Heap Initial Capacity: 126M
 Heap Max Capacity: 1994M
 Pre-touch: Disabled
 Parallel Workers: 4
 Concurrent Workers: 1
 Concurrent Refinement Workers: 4
 Periodic GC: Disabled
Heap:
 garbage-first heap   total 59392K, used 15485K [0x0000000083600000, 0x0000000100000000)
  region size 1024K, 3 young (3072K), 2 survivors (2048K)
 Metaspace       used 28025K, committed 28672K, reserved 1114112K
  class space    used 3321K, committed 3648K, reserved 1048576K
GC Heap History (14 events):
Event: 0.696 GC heap before
{Heap before GC invocations=0 (full 0):
 garbage-first heap   total 129024K, used 13312K [0x0000000083600000, 0x0000000100000000)
  region size 1024K, 13 young (13312K), 0 survivors (0K)
 Metaspace       used 6100K, committed 6272K, reserved 1114112K
  class space    used 594K, committed 704K, reserved 1048576K
}
Event: 0.699 GC heap after
{Heap after GC invocations=1 (full 0):
 garbage-first heap   total 129024K, used 4577K [0x0000000083600000, 0x0000000100000000)
  region size 1024K, 2 young (2048K), 2 survivors (2048K)
 Metaspace       used 6100K, committed 6272K, reserved 1114112K
  class space    used 594K, committed 704K, reserved 1048576K
}
Event: 1.235 GC heap before
{Heap before GC invocations=1 (full 0):
 garbage-first heap   total 129024K, used 18913K [0x0000000083600000, 0x0000000100000000)
  region size 1024K, 16 young (16384K), 2 survivors (2048K)
 Metaspace       used 11256K, committed 11520K, reserved 1114112K
  class space    used 1231K, committed 1344K, reserved 1048576K
}
Event: 1.238 GC heap after
{Heap after GC invocations=2 (full 0):
 garbage-first heap   total 129024K, used 6080K [0x0000000083600000, 0x0000000100000000)
  region size 1024K, 2 young (2048K), 2 survivors (2048K)
 Metaspace       used 11256K, committed 11520K, reserved 1114112K
  class space    used 1231K, committed 1344K, reserved 1048576K
}
Event: 6.617 GC heap before
{Heap before GC invocations=2 (full 0):
 garbage-first heap   total 129024K, used 38848K [0x0000000083600000, 0x0000000100000000)
  region size 1024K, 35 young (35840K), 2 survivors (2048K)
 Metaspace       used 21113K, committed 21504K, reserved 1114112K
  class space    used 2468K, committed 2688K, reserved 1048576K
}
Event: 6.628 GC heap after
{Heap after GC invocations=3 (full 0):
 garbage-first heap   total 129024K, used 9661K [0x0000000083600000, 0x0000000100000000)
  region size 1024K, 5 young (5120K), 5 survivors (5120K)
 Metaspace       used 21113K, committed 21504K, reserved 1114112K
  class space    used 2468K, committed 2688K, reserved 1048576K
}
Event: 8.179 GC heap before
{Heap before GC invocations=4 (full 0):
 garbage-first heap   total 37888K, used 26045K [0x0000000083600000, 0x0000000100000000)
  region size 1024K, 22 young (22528K), 5 survivors (5120K)
 Metaspace       used 24483K, committed 24832K, reserved 1114112K
  class space    used 2833K, committed 3008K, reserved 1048576K
}
Event: 8.196 GC heap after
{Heap after GC invocations=5 (full 0):
 garbage-first heap   total 37888K, used 11469K [0x0000000083600000, 0x0000000100000000)
  region size 1024K, 2 young (2048K), 2 survivors (2048K)
 Metaspace       used 24483K, committed 24832K, reserved 1114112K
  class space    used 2833K, committed 3008K, reserved 1048576K
}
Event: 8.238 GC heap before
{Heap before GC invocations=5 (full 0):
 garbage-first heap   total 37888K, used 12493K [0x0000000083600000, 0x0000000100000000)
  region size 1024K, 3 young (3072K), 2 survivors (2048K)
 Metaspace       used 24762K, committed 25088K, reserved 1114112K
  class space    used 2854K, committed 3008K, reserved 1048576K
}
Event: 8.247 GC heap after
{Heap after GC invocations=6 (full 0):
 garbage-first heap   total 37888K, used 11807K [0x0000000083600000, 0x0000000100000000)
  region size 1024K, 1 young (1024K), 1 survivors (1024K)
 Metaspace       used 24762K, committed 25088K, reserved 1114112K
  class space    used 2854K, committed 3008K, reserved 1048576K
}
Event: 9.017 GC heap before
{Heap before GC invocations=6 (full 0):
 garbage-first heap   total 37888K, used 25119K [0x0000000083600000, 0x0000000100000000)
  region size 1024K, 14 young (14336K), 1 survivors (1024K)
 Metaspace       used 26798K, committed 27328K, reserved 1114112K
  class space    used 3146K, committed 3392K, reserved 1048576K
}
Event: 9.025 GC heap after
{Heap after GC invocations=7 (full 0):
 garbage-first heap   total 37888K, used 13112K [0x0000000083600000, 0x0000000100000000)
  region size 1024K, 2 young (2048K), 2 survivors (2048K)
 Metaspace       used 26798K, committed 27328K, reserved 1114112K
  class space    used 3146K, committed 3392K, reserved 1048576K
}
Event: 9.659 GC heap before
{Heap before GC invocations=7 (full 0):
 garbage-first heap   total 37888K, used 25400K [0x0000000083600000, 0x0000000100000000)
  region size 1024K, 14 young (14336K), 2 survivors (2048K)
 Metaspace       used 27975K, committed 28608K, reserved 1114112K
  class space    used 3314K, committed 3584K, reserved 1048576K
}
Event: 9.680 GC heap after
{Heap after GC invocations=8 (full 0):
 garbage-first heap   total 59392K, used 15485K [0x0000000083600000, 0x0000000100000000)
  region size 1024K, 2 young (2048K), 2 survivors (2048K)
 Metaspace       used 27975K, committed 28608K, reserved 1114112K
  class space    used 3314K, committed 3584K, reserved 1048576K
}

